Arguments: 
  C:\Program Files\nodejs\node.exe C:\Users\jayas\AppData\Roaming\npm\node_modules\yarn\bin\yarn.js add jspdf

PATH: 
  C:\Users\jayas\bin;C:\Program Files\Git\mingw64\bin;C:\Program Files\Git\usr\local\bin;C:\Program Files\Git\usr\bin;C:\Program Files\Git\usr\bin;C:\Program Files\Git\mingw64\bin;C:\Program Files\Git\usr\bin;C:\Users\jayas\bin;C:\asdpython\Scripts;C:\asdpython;C:\Program Files\dotnet;C:\Program Files\Docker\Docker\resources\bin;C:\Users\jayas\AppData\Local\Programs\Python\Python311\Scripts;C:\Users\jayas\AppData\Local\Programs\Python\Python311;C:\asdpython\python.exe;C:\Program Files\MySQL\MySQL Shell 8.0\bin;C:\Program Files\nodejs;C:\Users\jayas\AppData\Roaming\npm;C:\Program Files\JetBrains\PyCharm Community Edition 2022.1.2\bin;C:\Program Files\Docker;C:\Users\jayas\AppData\Local\Microsoft\WindowsApps;C:\Windows\System32;C:\Users\jayas\AppData\Local\Programs\Microsoft VS Code\bin;C:\Users\jayas\AppData\Local\Android\Sdk\tools\bin;C:\Program Files\Git\usr\bin\vendor_perl;C:\Program Files\Git\usr\bin\core_perl

Yarn version: 
  1.22.19

Node version: 
  16.14.2

Platform: 
  win32 x64

Trace: 
  Error: connect ETIMEDOUT 49.44.79.236:443
      at TCPConnectWrap.afterConnect [as oncomplete] (node:net:1157:16)

npm manifest: 
  {
    "name": "Attendance-gen",
    "version": "1.0.0",
    "scripts": {
      "start": "webpack serve --config config/webpack.dev.js",
      "build": "webpack --config config/webpack.prod.js"
    },
    "dependencies": {
      "@date-io/date-fns": "^1.3.13",
      "@date-io/dayjs": "^1.3.13",
      "@date-io/luxon": "^1.3.13",
      "@date-io/moment": "^1.3.13",
      "@emotion/react": "^11.8.2",
      "@emotion/styled": "^11.8.1",
      "@ipss/utils": "github:VijayakumarDuraisamy/reactUtils",
      "@material-ui/core": "^4.12.4",
      "@material-ui/icons": "^4.11.3",
      "@material-ui/lab": "^4.0.0-alpha.61",
      "@material/circular-progress": "^14.0.0",
      "@mui/base": "^5.0.0-alpha.78",
      "@mui/codemod": "^5.6.1",
      "@mui/docs": "^5.6.1",
      "@mui/envinfo": "^2.0.6",
      "@mui/icons-material": "^5.13.7",
      "@mui/lab": "^5.0.0-alpha.78",
      "@mui/material": "^5.6.3",
      "@mui/private-theming": "^5.6.2",
      "@mui/styled-engine": "^5.6.1",
      "@mui/styled-engine-sc": "^5.6.1",
      "@mui/styles": "^5.6.2",
      "@mui/system": "^5.6.3",
      "@mui/types": "^7.1.3",
      "@mui/x-date-pickers": "^5.0.0-beta.7",
      "@syncfusion/ej2-react-grids": "^19.4.56",
      "ag-grid-community": "^27.3.0",
      "ag-grid-react": "^27.3.0",
      "antd": "^5.6.1",
      "apexcharts": "^3.42.0",
      "axios": "^0.26.1",
      "bootstrap": "^5.1.3",
      "date-fns": "^2.28.0",
      "dayjs": "^1.11.1",
      "formik": "^2.2.9",
      "luxon": "^1.28.0",
      "material-icons": "^1.10.8",
      "moment": "^2.29.3",
      "mui-button": "^1.0.8",
      "papaparse": "^5.4.1",
      "react": "^17.0.1",
      "react-alert": "^7.0.3",
      "react-apexcharts": "^1.4.1",
      "react-bootstrap": "^2.8.0",
      "react-csv": "^2.2.2",
      "react-dom": "^17.0.1",
      "react-icons": "^4.10.1",
      "react-router-dom": "^5.2.0",
      "react-to-print": "^2.14.6"
    },
    "devDependencies": {
      "@babel/core": "^7.12.3",
      "@babel/plugin-transform-runtime": "^7.12.1",
      "@babel/preset-env": "^7.12.1",
      "@babel/preset-react": "^7.12.1",
      "axios-mock-adapter": "^1.20.0",
      "babel-loader": "^8.1.0",
      "clean-webpack-plugin": "^3.0.0",
      "css-loader": "^5.0.0",
      "cypress": "^10.11.0",
      "html-webpack-plugin": "^4.5.0",
      "style-loader": "^2.0.0",
      "webpack": "^5.4.0",
      "webpack-cli": "^4.9.2",
      "webpack-dev-server": "^3.11.0",
      "webpack-merge": "^5.2.0"
    }
  }

yarn manifest: 
  No manifest

Lockfile: 
  No lockfile
